c:\users\usuario\downloads\aa3 (2)\sdl_pathfinding\sdl_pathfinding\debug\vc143.pdb
c:\users\usuario\downloads\aa3 (2)\sdl_pathfinding\sdl_pathfinding\debug\vc143.idb
c:\users\usuario\downloads\aa3 (2)\sdl_pathfinding\sdl_pathfinding\debug\utils.obj
c:\users\usuario\downloads\aa3 (2)\sdl_pathfinding\sdl_pathfinding\debug\seek.obj
c:\users\usuario\downloads\aa3 (2)\sdl_pathfinding\sdl_pathfinding\debug\sdl_simpleapp.obj
c:\users\usuario\downloads\aa3 (2)\sdl_pathfinding\sdl_pathfinding\debug\scenepathfindingmouse.obj
c:\users\usuario\downloads\aa3 (2)\sdl_pathfinding\sdl_pathfinding\debug\pathfollowing.obj
c:\users\usuario\downloads\aa3 (2)\sdl_pathfinding\sdl_pathfinding\debug\main.obj
c:\users\usuario\downloads\aa3 (2)\sdl_pathfinding\sdl_pathfinding\debug\grid.obj
c:\users\usuario\downloads\aa3 (2)\sdl_pathfinding\sdl_pathfinding\debug\agent.obj
c:\users\usuario\downloads\aa3 (2)\sdl_pathfinding\sdl_pathfinding\debug\pathfinding.obj
c:\users\usuario\downloads\aa3 (2)\sdl_pathfinding\sdl_pathfinding\debug\bfs.obj
c:\users\usuario\downloads\aa3 (2)\sdl_pathfinding\sdl_pathfinding\debug\sdl_pathfinding.ilk
c:\users\usuario\downloads\aa3 (2)\bin\sdl_pathfinding.exe
c:\users\usuario\downloads\aa3 (2)\bin\sdl_pathfinding.pdb
c:\users\usuario\downloads\aa3 (2)\\bin\sdl_pathfinding.pdb
c:\users\usuario\downloads\aa3 (2)\sdl_pathfinding\sdl_pathfinding\debug\sdl_pathfinding.tlog\cl.command.1.tlog
c:\users\usuario\downloads\aa3 (2)\sdl_pathfinding\sdl_pathfinding\debug\sdl_pathfinding.tlog\cl.read.1.tlog
c:\users\usuario\downloads\aa3 (2)\sdl_pathfinding\sdl_pathfinding\debug\sdl_pathfinding.tlog\cl.write.1.tlog
c:\users\usuario\downloads\aa3 (2)\sdl_pathfinding\sdl_pathfinding\debug\sdl_pathfinding.tlog\link.30852-cvtres.read.1.tlog
c:\users\usuario\downloads\aa3 (2)\sdl_pathfinding\sdl_pathfinding\debug\sdl_pathfinding.tlog\link.30852-cvtres.write.1.tlog
c:\users\usuario\downloads\aa3 (2)\sdl_pathfinding\sdl_pathfinding\debug\sdl_pathfinding.tlog\link.30852-rc.read.1.tlog
c:\users\usuario\downloads\aa3 (2)\sdl_pathfinding\sdl_pathfinding\debug\sdl_pathfinding.tlog\link.30852-rc.write.1.tlog
c:\users\usuario\downloads\aa3 (2)\sdl_pathfinding\sdl_pathfinding\debug\sdl_pathfinding.tlog\link.30852.read.1.tlog
c:\users\usuario\downloads\aa3 (2)\sdl_pathfinding\sdl_pathfinding\debug\sdl_pathfinding.tlog\link.30852.write.1.tlog
c:\users\usuario\downloads\aa3 (2)\sdl_pathfinding\sdl_pathfinding\debug\sdl_pathfinding.tlog\link.command.1.tlog
c:\users\usuario\downloads\aa3 (2)\sdl_pathfinding\sdl_pathfinding\debug\sdl_pathfinding.tlog\link.read.1.tlog
c:\users\usuario\downloads\aa3 (2)\sdl_pathfinding\sdl_pathfinding\debug\sdl_pathfinding.tlog\link.write.1.tlog
